<?xml version="1.0" encoding="UTF-8" ?>
<testsuite failures="0" time="0.007" errors="0" skipped="0" tests="4" name="net.todd.games.balls.client.ui.MainPresenterPositionListenerTest">
  <properties>
[...]
</properties>
  <testcase time="0.002" classname="net.todd.games.balls.client.ui.MainPresenterPositionListenerTest" name="testPresenterListensForUpKey"/>
  <testcase time="0.001" classname="net.todd.games.balls.client.ui.MainPresenterPositionListenerTest" name="testPresenterListensForDownKey"/>
  <testcase time="0.001" classname="net.todd.games.balls.client.ui.MainPresenterPositionListenerTest" name="testPresenterListensForLeftKey"/>
  <testcase time="0.001" classname="net.todd.games.balls.client.ui.MainPresenterPositionListenerTest" name="testPresenterListensForRightKey"/>
</testsuite>